/*C3*/SET SCHEMA PUBLIC
drop table if exists ags CASCADE 
drop table if exists ags_zeitraeume CASCADE 
drop table if exists kinder CASCADE 
drop table if exists wuensche CASCADE 
drop table if exists zeitraeume CASCADE 
drop table if exists zeitraeume_ags CASCADE 
drop table if exists ziele CASCADE 
drop table if exists ziele_kinder CASCADE 
drop sequence hibernate_sequence if exists
create sequence hibernate_sequence start with 1 increment by 1
create table ags (id integer not null, groesse integer not null, name varchar(255), zeitraum_ende timestamp, zeitraum_start timestamp, primary key (id))
create table ags_zeitraeume (ag_id integer not null, zeitraeume_id integer not null)
create table kinder (id integer generated by default as identity (start with 1), name varchar(255), schuljahr integer not null, primary key (id))
create table wuensche (id integer not null, primary key (id))
create table zeitraeume (id integer not null, end_zeit timestamp, start_zeit timestamp, wochentag varchar(255), primary key (id))
create table zeitraeume_ags (zeitraum_id integer not null, ags_id integer not null)
create table ziele (id integer not null, halbjahr integer not null, primary key (id))
create table ziele_kinder (ziel_id integer not null, kinder_id integer not null)
alter table ziele_kinder add constraint UK_mm3s0gb5v2nrhtsce5inf6wtd unique (kinder_id)
alter table ags_zeitraeume add constraint FKjer21ng2u97lebnkmmef9a9ed foreign key (zeitraeume_id) references zeitraeume
alter table ags_zeitraeume add constraint FK1c934kv30uiujihpg748d2oys foreign key (ag_id) references ags
alter table zeitraeume_ags add constraint FKmij8cebtdds6nr5h5mnohug70 foreign key (ags_id) references ags
alter table zeitraeume_ags add constraint FKolv4lw0rruofq7jofd5wxagnc foreign key (zeitraum_id) references zeitraeume
alter table ziele_kinder add constraint FK7iaemqrchmfuokf7q0j32rft0 foreign key (kinder_id) references kinder
alter table ziele_kinder add constraint FKo5eboxdqdin59adib0vxnekc5 foreign key (ziel_id) references ziele
INSERT INTO KINDER VALUES(1,'Kaggarott',1)
COMMIT
INSERT INTO KINDER VALUES(2,'Amidala',1)
COMMIT
INSERT INTO KINDER VALUES(3,'Skywalker',1)
COMMIT
INSERT INTO KINDER VALUES(4,'Picard',1)
COMMIT
INSERT INTO KINDER VALUES(5,'Trollo',1)
COMMIT
INSERT INTO KINDER VALUES(6,'Benjamin B',1)
COMMIT
INSERT INTO KINDER VALUES(7,'Bibi',1)
COMMIT
INSERT INTO KINDER VALUES(8,'Maja',1)
COMMIT
INSERT INTO KINDER VALUES(9,'SOS Croco',1)
COMMIT
INSERT INTO KINDER VALUES(10,'Xena',1)
COMMIT
/*C13*/SET SCHEMA PUBLIC
set schema PUBLIC
/*C3*/DISCONNECT
/*C4*/SET SCHEMA PUBLIC
DISCONNECT
/*C5*/SET SCHEMA PUBLIC
DISCONNECT
/*C6*/SET SCHEMA PUBLIC
DISCONNECT
/*C7*/SET SCHEMA PUBLIC
DISCONNECT
/*C8*/SET SCHEMA PUBLIC
DISCONNECT
/*C9*/SET SCHEMA PUBLIC
DISCONNECT
/*C10*/SET SCHEMA PUBLIC
DISCONNECT
/*C11*/SET SCHEMA PUBLIC
DISCONNECT
/*C12*/SET SCHEMA PUBLIC
DISCONNECT
/*C13*/DISCONNECT
/*C14*/SET SCHEMA PUBLIC
drop table if exists ags CASCADE 
drop table if exists ags_zeitraeume CASCADE 
drop table if exists kinder CASCADE 
drop table if exists wuensche CASCADE 
drop table if exists zeitraeume CASCADE 
drop table if exists zeitraeume_ags CASCADE 
drop table if exists ziele CASCADE 
drop table if exists ziele_kinder CASCADE 
drop sequence hibernate_sequence if exists
create sequence hibernate_sequence start with 1 increment by 1
create table ags (id integer not null, groesse integer not null, name varchar(255), zeitraum_ende timestamp, zeitraum_start timestamp, primary key (id))
create table ags_zeitraeume (ag_id integer not null, zeitraeume_id integer not null)
create table kinder (id integer generated by default as identity (start with 1), name varchar(255), schuljahr integer not null, primary key (id))
create table wuensche (id integer not null, primary key (id))
create table zeitraeume (id integer not null, end_zeit timestamp, start_zeit timestamp, wochentag varchar(255), primary key (id))
create table zeitraeume_ags (zeitraum_id integer not null, ags_id integer not null)
create table ziele (id integer not null, halbjahr integer not null, primary key (id))
create table ziele_kinder (ziel_id integer not null, kinder_id integer not null)
alter table ziele_kinder add constraint UK_mm3s0gb5v2nrhtsce5inf6wtd unique (kinder_id)
alter table ags_zeitraeume add constraint FKjer21ng2u97lebnkmmef9a9ed foreign key (zeitraeume_id) references zeitraeume
alter table ags_zeitraeume add constraint FK1c934kv30uiujihpg748d2oys foreign key (ag_id) references ags
alter table zeitraeume_ags add constraint FKmij8cebtdds6nr5h5mnohug70 foreign key (ags_id) references ags
alter table zeitraeume_ags add constraint FKolv4lw0rruofq7jofd5wxagnc foreign key (zeitraum_id) references zeitraeume
alter table ziele_kinder add constraint FK7iaemqrchmfuokf7q0j32rft0 foreign key (kinder_id) references kinder
alter table ziele_kinder add constraint FKo5eboxdqdin59adib0vxnekc5 foreign key (ziel_id) references ziele
INSERT INTO KINDER VALUES(1,'Kaggarott',1)
COMMIT
INSERT INTO KINDER VALUES(2,'Amidala',1)
COMMIT
INSERT INTO KINDER VALUES(3,'Skywalker',1)
COMMIT
INSERT INTO KINDER VALUES(4,'Picard',1)
COMMIT
INSERT INTO KINDER VALUES(5,'Trollo',1)
COMMIT
INSERT INTO KINDER VALUES(6,'Benjamin B',1)
COMMIT
INSERT INTO KINDER VALUES(7,'Bibi',1)
COMMIT
INSERT INTO KINDER VALUES(8,'Maja',1)
COMMIT
INSERT INTO KINDER VALUES(9,'SOS Croco',1)
COMMIT
INSERT INTO KINDER VALUES(10,'Xena',1)
COMMIT
